<?xml version="1.0" encoding="UTF-8"?>
<!-- Generated by org.testng.reporters.JUnitXMLReporter -->
<testsuite ignored="0" hostname="DESKTOP-7EJI7BD" failures="1" tests="2" name="testmy2" time="0.099" errors="0" timestamp="2024-08-18T12:30:18 IST">
  <testcase classname="org.Listen.Mytest2" name="myTest2_myame" time="0.023">
    <failure type="java.lang.AssertionError" message="The following asserts failed:
	expected [true] but found [false]">
      <![CDATA[java.lang.AssertionError: The following asserts failed:
expected [true] but found [false]
at org.Listen.Mytest2.myTest2_myame(Mytest2.java:11)
at java.base/java.util.ArrayList.forEach(ArrayList.java:1596)
at java.base/java.util.concurrent.FutureTask.run(FutureTask.java:317)
at java.base/java.util.concurrent.ThreadPoolExecutor.runWorker(ThreadPoolExecutor.java:1144)
at java.base/java.util.concurrent.ThreadPoolExecutor$Worker.run(ThreadPoolExecutor.java:642)
at java.base/java.lang.Thread.run(Thread.java:1583)
... Removed 17 stack frames]]>
    </failure>
  </testcase> <!-- myTest2_myame -->
  <testcase classname="org.Listen.Mytest2" name="myTest3" time="0.002"/>
</testsuite> <!-- testmy2 -->
